Traceback (most recent call last):
  File "/home/h/miniconda3/envs/p3d/lib/python3.10/site-packages/torch/utils/data/dataloader.py", line 1284, in _try_get_data
    data = self._data_queue.get(timeout=timeout)
  File "/home/h/miniconda3/envs/p3d/lib/python3.10/queue.py", line 180, in get
    self.not_empty.wait(remaining)
  File "/home/h/miniconda3/envs/p3d/lib/python3.10/threading.py", line 324, in wait
    gotit = waiter.acquire(True, timeout)
  File "/home/h/miniconda3/envs/p3d/lib/python3.10/site-packages/torch/utils/data/_utils/signal_handling.py", line 73, in handler
    _error_if_any_worker_fails()
RuntimeError: DataLoader worker (pid 3310750) exited unexpectedly with exit code 1. Details are lost due to multiprocessing. Rerunning with num_workers=0 may give better error trace.

The above exception was the direct cause of the following exception:

Traceback (most recent call last):
  File "/home/h/miniconda3/envs/p3d/lib/python3.10/runpy.py", line 196, in _run_module_as_main
    return _run_code(code, main_globals, None,
  File "/home/h/miniconda3/envs/p3d/lib/python3.10/runpy.py", line 86, in _run_code
    exec(code, run_globals)
  File "/home/h/.vscode-server/extensions/ms-python.debugpy-2024.8.0-linux-x64/bundled/libs/debugpy/adapter/../../debugpy/launcher/../../debugpy/__main__.py", line 39, in <module>
    cli.main()
  File "/home/h/.vscode-server/extensions/ms-python.debugpy-2024.8.0-linux-x64/bundled/libs/debugpy/adapter/../../debugpy/launcher/../../debugpy/../debugpy/server/cli.py", line 430, in main
    run()
  File "/home/h/.vscode-server/extensions/ms-python.debugpy-2024.8.0-linux-x64/bundled/libs/debugpy/adapter/../../debugpy/launcher/../../debugpy/../debugpy/server/cli.py", line 284, in run_file
    runpy.run_path(target, run_name="__main__")
  File "/home/h/.vscode-server/extensions/ms-python.debugpy-2024.8.0-linux-x64/bundled/libs/debugpy/_vendored/pydevd/_pydevd_bundle/pydevd_runpy.py", line 321, in run_path
    return _run_module_code(code, init_globals, run_name,
  File "/home/h/.vscode-server/extensions/ms-python.debugpy-2024.8.0-linux-x64/bundled/libs/debugpy/_vendored/pydevd/_pydevd_bundle/pydevd_runpy.py", line 135, in _run_module_code
    _run_code(code, mod_globals, init_globals,
  File "/home/h/.vscode-server/extensions/ms-python.debugpy-2024.8.0-linux-x64/bundled/libs/debugpy/_vendored/pydevd/_pydevd_bundle/pydevd_runpy.py", line 124, in _run_code
    exec(code, run_globals)
  File "/home/h/yz/exp/P3Depth/trainer.py", line 201, in <module>
    main()
  File "/home/h/yz/exp/P3Depth/trainer.py", line 162, in main
    trainer, wandb_logger = get_trainer(args, config, LitDataModule)
  File "/home/h/yz/exp/P3Depth/trainer.py", line 89, in get_trainer
    dict = next(iter(dataloader.val_dataloader(shuffle=True)))
  File "/home/h/miniconda3/envs/p3d/lib/python3.10/site-packages/torch/utils/data/dataloader.py", line 733, in __next__
    data = self._next_data()
  File "/home/h/miniconda3/envs/p3d/lib/python3.10/site-packages/torch/utils/data/dataloader.py", line 1491, in _next_data
    idx, data = self._get_data()
  File "/home/h/miniconda3/envs/p3d/lib/python3.10/site-packages/torch/utils/data/dataloader.py", line 1443, in _get_data
    success, data = self._try_get_data()
  File "/home/h/miniconda3/envs/p3d/lib/python3.10/site-packages/torch/utils/data/dataloader.py", line 1297, in _try_get_data
    raise RuntimeError(
RuntimeError: DataLoader worker (pid(s) 3310750) exited unexpectedly
Traceback (most recent call last):
  File "/home/h/miniconda3/envs/p3d/lib/python3.10/site-packages/torch/utils/data/dataloader.py", line 1284, in _try_get_data
    data = self._data_queue.get(timeout=timeout)
  File "/home/h/miniconda3/envs/p3d/lib/python3.10/queue.py", line 180, in get
    self.not_empty.wait(remaining)
  File "/home/h/miniconda3/envs/p3d/lib/python3.10/threading.py", line 324, in wait
    gotit = waiter.acquire(True, timeout)
  File "/home/h/miniconda3/envs/p3d/lib/python3.10/site-packages/torch/utils/data/_utils/signal_handling.py", line 73, in handler
    _error_if_any_worker_fails()
RuntimeError: DataLoader worker (pid 3310750) exited unexpectedly with exit code 1. Details are lost due to multiprocessing. Rerunning with num_workers=0 may give better error trace.

The above exception was the direct cause of the following exception:

Traceback (most recent call last):
  File "/home/h/miniconda3/envs/p3d/lib/python3.10/runpy.py", line 196, in _run_module_as_main
    return _run_code(code, main_globals, None,
  File "/home/h/miniconda3/envs/p3d/lib/python3.10/runpy.py", line 86, in _run_code
    exec(code, run_globals)
  File "/home/h/.vscode-server/extensions/ms-python.debugpy-2024.8.0-linux-x64/bundled/libs/debugpy/adapter/../../debugpy/launcher/../../debugpy/__main__.py", line 39, in <module>
    cli.main()
  File "/home/h/.vscode-server/extensions/ms-python.debugpy-2024.8.0-linux-x64/bundled/libs/debugpy/adapter/../../debugpy/launcher/../../debugpy/../debugpy/server/cli.py", line 430, in main
    run()
  File "/home/h/.vscode-server/extensions/ms-python.debugpy-2024.8.0-linux-x64/bundled/libs/debugpy/adapter/../../debugpy/launcher/../../debugpy/../debugpy/server/cli.py", line 284, in run_file
    runpy.run_path(target, run_name="__main__")
  File "/home/h/.vscode-server/extensions/ms-python.debugpy-2024.8.0-linux-x64/bundled/libs/debugpy/_vendored/pydevd/_pydevd_bundle/pydevd_runpy.py", line 321, in run_path
    return _run_module_code(code, init_globals, run_name,
  File "/home/h/.vscode-server/extensions/ms-python.debugpy-2024.8.0-linux-x64/bundled/libs/debugpy/_vendored/pydevd/_pydevd_bundle/pydevd_runpy.py", line 135, in _run_module_code
    _run_code(code, mod_globals, init_globals,
  File "/home/h/.vscode-server/extensions/ms-python.debugpy-2024.8.0-linux-x64/bundled/libs/debugpy/_vendored/pydevd/_pydevd_bundle/pydevd_runpy.py", line 124, in _run_code
    exec(code, run_globals)
  File "/home/h/yz/exp/P3Depth/trainer.py", line 201, in <module>
    main()
  File "/home/h/yz/exp/P3Depth/trainer.py", line 162, in main
    trainer, wandb_logger = get_trainer(args, config, LitDataModule)
  File "/home/h/yz/exp/P3Depth/trainer.py", line 89, in get_trainer
    dict = next(iter(dataloader.val_dataloader(shuffle=True)))
  File "/home/h/miniconda3/envs/p3d/lib/python3.10/site-packages/torch/utils/data/dataloader.py", line 733, in __next__
    data = self._next_data()
  File "/home/h/miniconda3/envs/p3d/lib/python3.10/site-packages/torch/utils/data/dataloader.py", line 1491, in _next_data
    idx, data = self._get_data()
  File "/home/h/miniconda3/envs/p3d/lib/python3.10/site-packages/torch/utils/data/dataloader.py", line 1443, in _get_data
    success, data = self._try_get_data()
  File "/home/h/miniconda3/envs/p3d/lib/python3.10/site-packages/torch/utils/data/dataloader.py", line 1297, in _try_get_data
    raise RuntimeError(
RuntimeError: DataLoader worker (pid(s) 3310750) exited unexpectedly
